Run pnpm changeset publish --otp=***
  pnpm changeset publish --otp=***
  shell: /usr/bin/bash -e {0}
  env:
    PNPM_HOME: /home/runner/setup-pnpm/node_modules/.bin
    NPM_CONFIG_USERCONFIG: /home/runner/work/_temp/.npmrc
    NODE_AUTH_TOKEN: ***
  
  info npm info @ruan-cat/commitlint-config
  info npm info @ruan-cat/domains
  info npm info @ruan-cat/generate-code-workspace
  info npm info @ruan-cat/utils
  info npm info @ruan-cat/vercel-deploy-tool
  info npm info @ruan-cat/vuepress-preset-config
  info @ruan-cat/commitlint-config is being published because our local version (0.1.4) has not been published on npm
  info @ruan-cat/domains is being published because our local version (0.1.4) has not been published on npm
  warn @ruan-cat/generate-code-workspace is not being published because version 0.2.3 is already published on npm
  info @ruan-cat/utils is being published because our local version (1.4.2) has not been published on npm
  info @ruan-cat/vercel-deploy-tool is being published because our local version (0.5.9) has not been published on npm
  info @ruan-cat/vuepress-preset-config is being published because our local version (0.1.19) has not been published on npm
  info Publishing "@ruan-cat/commitlint-config" at "0.1.4"
  info Publishing "@ruan-cat/domains" at "0.1.4"
  info Publishing "@ruan-cat/utils" at "1.4.2"
  info Publishing "@ruan-cat/vercel-deploy-tool" at "0.5.9"
  info Publishing "@ruan-cat/vuepress-preset-config" at "0.1.19"
  success packages published successfully:
  @ruan-cat/commitlint-config@0.1.4
  @ruan-cat/domains@0.1.4
  @ruan-cat/utils@1.4.2
  @ruan-cat/vercel-deploy-tool@0.5.9
  @ruan-cat/vuepress-preset-config@0.1.19
  Creating git tags...
  New tag:  @ruan-cat/commitlint-config@0.1.4
  New tag:  @ruan-cat/domains@0.1.4
  New tag:  @ruan-cat/utils@1.4.2
  New tag:  @ruan-cat/vercel-deploy-tool@0.5.9
  New tag:  @ruan-cat/vuepress-preset-config@0.1.19